CRITICAL - 2025-10-20 12:43:42 --> ErrorException: Undefined array key "in"
[Method: GET, Route: /]
in APPPATH\Views\dashboard\index.php on line 69.
 1 APPPATH\Views\dashboard\index.php(69): CodeIgniter\Debug\Exceptions->errorHandler(2, 'Undefined array key "in"', 'C:\\Kampus\\StockPremix\\app\\Views\\dashboard\\index.php', 69)
 2 SYSTEMPATH\View\View.php(226): include('C:\\Kampus\\StockPremix\\app\\Views\\dashboard\\index.php')
 3 SYSTEMPATH\View\View.php(229): CodeIgniter\View\View->CodeIgniter\View\{closure}()
 4 SYSTEMPATH\Common.php(1167): CodeIgniter\View\View->render('dashboard/index', [], true)
 5 APPPATH\Controllers\Dashboard.php(70): view('dashboard/index', [...])
 6 SYSTEMPATH\CodeIgniter.php(933): App\Controllers\Dashboard->index()
 7 SYSTEMPATH\CodeIgniter.php(507): CodeIgniter\CodeIgniter->runController(Object(App\Controllers\Dashboard))
 8 SYSTEMPATH\CodeIgniter.php(354): CodeIgniter\CodeIgniter->handleRequest(null, Object(Config\Cache), false)
 9 SYSTEMPATH\Boot.php(363): CodeIgniter\CodeIgniter->run()
10 SYSTEMPATH\Boot.php(68): CodeIgniter\Boot::runCodeIgniter(Object(CodeIgniter\CodeIgniter))
11 FCPATH\index.php(59): CodeIgniter\Boot::bootWeb(Object(Config\Paths))
12 SYSTEMPATH\rewrite.php(44): require_once('C:\\Kampus\\StockPremix\\public\\index.php')
CRITICAL - 2025-10-20 12:50:33 --> ErrorException: Undefined array key "in"
[Method: GET, Route: /]
in APPPATH\Views\dashboard\index.php on line 69.
 1 APPPATH\Views\dashboard\index.php(69): CodeIgniter\Debug\Exceptions->errorHandler(2, 'Undefined array key "in"', 'C:\\Kampus\\StockPremix\\app\\Views\\dashboard\\index.php', 69)
 2 SYSTEMPATH\View\View.php(226): include('C:\\Kampus\\StockPremix\\app\\Views\\dashboard\\index.php')
 3 SYSTEMPATH\View\View.php(229): CodeIgniter\View\View->CodeIgniter\View\{closure}()
 4 SYSTEMPATH\Common.php(1167): CodeIgniter\View\View->render('dashboard/index', [], true)
 5 APPPATH\Controllers\Dashboard.php(71): view('dashboard/index', [...])
 6 SYSTEMPATH\CodeIgniter.php(933): App\Controllers\Dashboard->index()
 7 SYSTEMPATH\CodeIgniter.php(507): CodeIgniter\CodeIgniter->runController(Object(App\Controllers\Dashboard))
 8 SYSTEMPATH\CodeIgniter.php(354): CodeIgniter\CodeIgniter->handleRequest(null, Object(Config\Cache), false)
 9 SYSTEMPATH\Boot.php(363): CodeIgniter\CodeIgniter->run()
10 SYSTEMPATH\Boot.php(68): CodeIgniter\Boot::runCodeIgniter(Object(CodeIgniter\CodeIgniter))
11 FCPATH\index.php(59): CodeIgniter\Boot::bootWeb(Object(Config\Paths))
12 SYSTEMPATH\rewrite.php(44): require_once('C:\\Kampus\\StockPremix\\public\\index.php')
CRITICAL - 2025-10-20 12:52:19 --> CodeIgniter\Exceptions\BadMethodCallException: Call to undefined method App\Models\TransaksiModel::getPrediksiMingguan
[Method: GET, Route: /]
in SYSTEMPATH\Model.php on line 927.
 1 APPPATH\Controllers\Dashboard.php(71): CodeIgniter\Model->__call('getPrediksiMingguan', [])
 2 SYSTEMPATH\CodeIgniter.php(933): App\Controllers\Dashboard->index()
 3 SYSTEMPATH\CodeIgniter.php(507): CodeIgniter\CodeIgniter->runController(Object(App\Controllers\Dashboard))
 4 SYSTEMPATH\CodeIgniter.php(354): CodeIgniter\CodeIgniter->handleRequest(null, Object(Config\Cache), false)
 5 SYSTEMPATH\Boot.php(363): CodeIgniter\CodeIgniter->run()
 6 SYSTEMPATH\Boot.php(68): CodeIgniter\Boot::runCodeIgniter(Object(CodeIgniter\CodeIgniter))
 7 FCPATH\index.php(59): CodeIgniter\Boot::bootWeb(Object(Config\Paths))
 8 SYSTEMPATH\rewrite.php(44): require_once('C:\\Kampus\\StockPremix\\public\\index.php')
CRITICAL - 2025-10-20 12:52:20 --> CodeIgniter\Exceptions\BadMethodCallException: Call to undefined method App\Models\TransaksiModel::getPrediksiMingguan
[Method: GET, Route: /]
in SYSTEMPATH\Model.php on line 927.
 1 APPPATH\Controllers\Dashboard.php(71): CodeIgniter\Model->__call('getPrediksiMingguan', [])
 2 SYSTEMPATH\CodeIgniter.php(933): App\Controllers\Dashboard->index()
 3 SYSTEMPATH\CodeIgniter.php(507): CodeIgniter\CodeIgniter->runController(Object(App\Controllers\Dashboard))
 4 SYSTEMPATH\CodeIgniter.php(354): CodeIgniter\CodeIgniter->handleRequest(null, Object(Config\Cache), false)
 5 SYSTEMPATH\Boot.php(363): CodeIgniter\CodeIgniter->run()
 6 SYSTEMPATH\Boot.php(68): CodeIgniter\Boot::runCodeIgniter(Object(CodeIgniter\CodeIgniter))
 7 FCPATH\index.php(59): CodeIgniter\Boot::bootWeb(Object(Config\Paths))
 8 SYSTEMPATH\rewrite.php(44): require_once('C:\\Kampus\\StockPremix\\public\\index.php')
CRITICAL - 2025-10-20 12:52:21 --> CodeIgniter\Exceptions\BadMethodCallException: Call to undefined method App\Models\TransaksiModel::getPrediksiMingguan
[Method: GET, Route: /]
in SYSTEMPATH\Model.php on line 927.
 1 APPPATH\Controllers\Dashboard.php(71): CodeIgniter\Model->__call('getPrediksiMingguan', [])
 2 SYSTEMPATH\CodeIgniter.php(933): App\Controllers\Dashboard->index()
 3 SYSTEMPATH\CodeIgniter.php(507): CodeIgniter\CodeIgniter->runController(Object(App\Controllers\Dashboard))
 4 SYSTEMPATH\CodeIgniter.php(354): CodeIgniter\CodeIgniter->handleRequest(null, Object(Config\Cache), false)
 5 SYSTEMPATH\Boot.php(363): CodeIgniter\CodeIgniter->run()
 6 SYSTEMPATH\Boot.php(68): CodeIgniter\Boot::runCodeIgniter(Object(CodeIgniter\CodeIgniter))
 7 FCPATH\index.php(59): CodeIgniter\Boot::bootWeb(Object(Config\Paths))
 8 SYSTEMPATH\rewrite.php(44): require_once('C:\\Kampus\\StockPremix\\public\\index.php')
CRITICAL - 2025-10-20 12:54:34 --> ErrorException: Undefined variable $prediksi
[Method: GET, Route: /]
in APPPATH\Views\dashboard\index.php on line 41.
 1 APPPATH\Views\dashboard\index.php(41): CodeIgniter\Debug\Exceptions->errorHandler(2, 'Undefined variable $prediksi', 'C:\\Kampus\\StockPremix\\app\\Views\\dashboard\\index.php', 41)
 2 SYSTEMPATH\View\View.php(226): include('C:\\Kampus\\StockPremix\\app\\Views\\dashboard\\index.php')
 3 SYSTEMPATH\View\View.php(229): CodeIgniter\View\View->CodeIgniter\View\{closure}()
 4 SYSTEMPATH\Common.php(1167): CodeIgniter\View\View->render('dashboard/index', [], true)
 5 APPPATH\Controllers\Dashboard.php(72): view('dashboard/index', [...])
 6 SYSTEMPATH\CodeIgniter.php(933): App\Controllers\Dashboard->index()
 7 SYSTEMPATH\CodeIgniter.php(507): CodeIgniter\CodeIgniter->runController(Object(App\Controllers\Dashboard))
 8 SYSTEMPATH\CodeIgniter.php(354): CodeIgniter\CodeIgniter->handleRequest(null, Object(Config\Cache), false)
 9 SYSTEMPATH\Boot.php(363): CodeIgniter\CodeIgniter->run()
10 SYSTEMPATH\Boot.php(68): CodeIgniter\Boot::runCodeIgniter(Object(CodeIgniter\CodeIgniter))
11 FCPATH\index.php(59): CodeIgniter\Boot::bootWeb(Object(Config\Paths))
12 SYSTEMPATH\rewrite.php(44): require_once('C:\\Kampus\\StockPremix\\public\\index.php')
CRITICAL - 2025-10-20 12:54:36 --> ErrorException: Undefined variable $prediksi
[Method: GET, Route: /]
in APPPATH\Views\dashboard\index.php on line 41.
 1 APPPATH\Views\dashboard\index.php(41): CodeIgniter\Debug\Exceptions->errorHandler(2, 'Undefined variable $prediksi', 'C:\\Kampus\\StockPremix\\app\\Views\\dashboard\\index.php', 41)
 2 SYSTEMPATH\View\View.php(226): include('C:\\Kampus\\StockPremix\\app\\Views\\dashboard\\index.php')
 3 SYSTEMPATH\View\View.php(229): CodeIgniter\View\View->CodeIgniter\View\{closure}()
 4 SYSTEMPATH\Common.php(1167): CodeIgniter\View\View->render('dashboard/index', [], true)
 5 APPPATH\Controllers\Dashboard.php(72): view('dashboard/index', [...])
 6 SYSTEMPATH\CodeIgniter.php(933): App\Controllers\Dashboard->index()
 7 SYSTEMPATH\CodeIgniter.php(507): CodeIgniter\CodeIgniter->runController(Object(App\Controllers\Dashboard))
 8 SYSTEMPATH\CodeIgniter.php(354): CodeIgniter\CodeIgniter->handleRequest(null, Object(Config\Cache), false)
 9 SYSTEMPATH\Boot.php(363): CodeIgniter\CodeIgniter->run()
10 SYSTEMPATH\Boot.php(68): CodeIgniter\Boot::runCodeIgniter(Object(CodeIgniter\CodeIgniter))
11 FCPATH\index.php(59): CodeIgniter\Boot::bootWeb(Object(Config\Paths))
12 SYSTEMPATH\rewrite.php(44): require_once('C:\\Kampus\\StockPremix\\public\\index.php')
CRITICAL - 2025-10-20 12:56:47 --> CodeIgniter\Exceptions\BadMethodCallException: Call to undefined method App\Models\TransaksiModel::getWeeklyChartData
[Method: GET, Route: /]
in SYSTEMPATH\Model.php on line 927.
 1 APPPATH\Controllers\Dashboard.php(26): CodeIgniter\Model->__call('getWeeklyChartData', [])
 2 SYSTEMPATH\CodeIgniter.php(933): App\Controllers\Dashboard->index()
 3 SYSTEMPATH\CodeIgniter.php(507): CodeIgniter\CodeIgniter->runController(Object(App\Controllers\Dashboard))
 4 SYSTEMPATH\CodeIgniter.php(354): CodeIgniter\CodeIgniter->handleRequest(null, Object(Config\Cache), false)
 5 SYSTEMPATH\Boot.php(363): CodeIgniter\CodeIgniter->run()
 6 SYSTEMPATH\Boot.php(68): CodeIgniter\Boot::runCodeIgniter(Object(CodeIgniter\CodeIgniter))
 7 FCPATH\index.php(59): CodeIgniter\Boot::bootWeb(Object(Config\Paths))
 8 SYSTEMPATH\rewrite.php(44): require_once('C:\\Kampus\\StockPremix\\public\\index.php')
CRITICAL - 2025-10-20 12:56:48 --> CodeIgniter\Exceptions\BadMethodCallException: Call to undefined method App\Models\TransaksiModel::getWeeklyChartData
[Method: GET, Route: /]
in SYSTEMPATH\Model.php on line 927.
 1 APPPATH\Controllers\Dashboard.php(26): CodeIgniter\Model->__call('getWeeklyChartData', [])
 2 SYSTEMPATH\CodeIgniter.php(933): App\Controllers\Dashboard->index()
 3 SYSTEMPATH\CodeIgniter.php(507): CodeIgniter\CodeIgniter->runController(Object(App\Controllers\Dashboard))
 4 SYSTEMPATH\CodeIgniter.php(354): CodeIgniter\CodeIgniter->handleRequest(null, Object(Config\Cache), false)
 5 SYSTEMPATH\Boot.php(363): CodeIgniter\CodeIgniter->run()
 6 SYSTEMPATH\Boot.php(68): CodeIgniter\Boot::runCodeIgniter(Object(CodeIgniter\CodeIgniter))
 7 FCPATH\index.php(59): CodeIgniter\Boot::bootWeb(Object(Config\Paths))
 8 SYSTEMPATH\rewrite.php(44): require_once('C:\\Kampus\\StockPremix\\public\\index.php')
CRITICAL - 2025-10-20 12:56:48 --> CodeIgniter\Exceptions\BadMethodCallException: Call to undefined method App\Models\TransaksiModel::getWeeklyChartData
[Method: GET, Route: /]
in SYSTEMPATH\Model.php on line 927.
 1 APPPATH\Controllers\Dashboard.php(26): CodeIgniter\Model->__call('getWeeklyChartData', [])
 2 SYSTEMPATH\CodeIgniter.php(933): App\Controllers\Dashboard->index()
 3 SYSTEMPATH\CodeIgniter.php(507): CodeIgniter\CodeIgniter->runController(Object(App\Controllers\Dashboard))
 4 SYSTEMPATH\CodeIgniter.php(354): CodeIgniter\CodeIgniter->handleRequest(null, Object(Config\Cache), false)
 5 SYSTEMPATH\Boot.php(363): CodeIgniter\CodeIgniter->run()
 6 SYSTEMPATH\Boot.php(68): CodeIgniter\Boot::runCodeIgniter(Object(CodeIgniter\CodeIgniter))
 7 FCPATH\index.php(59): CodeIgniter\Boot::bootWeb(Object(Config\Paths))
 8 SYSTEMPATH\rewrite.php(44): require_once('C:\\Kampus\\StockPremix\\public\\index.php')
CRITICAL - 2025-10-20 12:56:48 --> CodeIgniter\Exceptions\BadMethodCallException: Call to undefined method App\Models\TransaksiModel::getWeeklyChartData
[Method: GET, Route: /]
in SYSTEMPATH\Model.php on line 927.
 1 APPPATH\Controllers\Dashboard.php(26): CodeIgniter\Model->__call('getWeeklyChartData', [])
 2 SYSTEMPATH\CodeIgniter.php(933): App\Controllers\Dashboard->index()
 3 SYSTEMPATH\CodeIgniter.php(507): CodeIgniter\CodeIgniter->runController(Object(App\Controllers\Dashboard))
 4 SYSTEMPATH\CodeIgniter.php(354): CodeIgniter\CodeIgniter->handleRequest(null, Object(Config\Cache), false)
 5 SYSTEMPATH\Boot.php(363): CodeIgniter\CodeIgniter->run()
 6 SYSTEMPATH\Boot.php(68): CodeIgniter\Boot::runCodeIgniter(Object(CodeIgniter\CodeIgniter))
 7 FCPATH\index.php(59): CodeIgniter\Boot::bootWeb(Object(Config\Paths))
 8 SYSTEMPATH\rewrite.php(44): require_once('C:\\Kampus\\StockPremix\\public\\index.php')
CRITICAL - 2025-10-20 12:56:49 --> CodeIgniter\Exceptions\BadMethodCallException: Call to undefined method App\Models\TransaksiModel::getWeeklyChartData
[Method: GET, Route: /]
in SYSTEMPATH\Model.php on line 927.
 1 APPPATH\Controllers\Dashboard.php(26): CodeIgniter\Model->__call('getWeeklyChartData', [])
 2 SYSTEMPATH\CodeIgniter.php(933): App\Controllers\Dashboard->index()
 3 SYSTEMPATH\CodeIgniter.php(507): CodeIgniter\CodeIgniter->runController(Object(App\Controllers\Dashboard))
 4 SYSTEMPATH\CodeIgniter.php(354): CodeIgniter\CodeIgniter->handleRequest(null, Object(Config\Cache), false)
 5 SYSTEMPATH\Boot.php(363): CodeIgniter\CodeIgniter->run()
 6 SYSTEMPATH\Boot.php(68): CodeIgniter\Boot::runCodeIgniter(Object(CodeIgniter\CodeIgniter))
 7 FCPATH\index.php(59): CodeIgniter\Boot::bootWeb(Object(Config\Paths))
 8 SYSTEMPATH\rewrite.php(44): require_once('C:\\Kampus\\StockPremix\\public\\index.php')
CRITICAL - 2025-10-20 12:56:49 --> CodeIgniter\Exceptions\BadMethodCallException: Call to undefined method App\Models\TransaksiModel::getWeeklyChartData
[Method: GET, Route: /]
in SYSTEMPATH\Model.php on line 927.
 1 APPPATH\Controllers\Dashboard.php(26): CodeIgniter\Model->__call('getWeeklyChartData', [])
 2 SYSTEMPATH\CodeIgniter.php(933): App\Controllers\Dashboard->index()
 3 SYSTEMPATH\CodeIgniter.php(507): CodeIgniter\CodeIgniter->runController(Object(App\Controllers\Dashboard))
 4 SYSTEMPATH\CodeIgniter.php(354): CodeIgniter\CodeIgniter->handleRequest(null, Object(Config\Cache), false)
 5 SYSTEMPATH\Boot.php(363): CodeIgniter\CodeIgniter->run()
 6 SYSTEMPATH\Boot.php(68): CodeIgniter\Boot::runCodeIgniter(Object(CodeIgniter\CodeIgniter))
 7 FCPATH\index.php(59): CodeIgniter\Boot::bootWeb(Object(Config\Paths))
 8 SYSTEMPATH\rewrite.php(44): require_once('C:\\Kampus\\StockPremix\\public\\index.php')
CRITICAL - 2025-10-20 12:56:50 --> CodeIgniter\Exceptions\BadMethodCallException: Call to undefined method App\Models\TransaksiModel::getWeeklyChartData
[Method: GET, Route: /]
in SYSTEMPATH\Model.php on line 927.
 1 APPPATH\Controllers\Dashboard.php(26): CodeIgniter\Model->__call('getWeeklyChartData', [])
 2 SYSTEMPATH\CodeIgniter.php(933): App\Controllers\Dashboard->index()
 3 SYSTEMPATH\CodeIgniter.php(507): CodeIgniter\CodeIgniter->runController(Object(App\Controllers\Dashboard))
 4 SYSTEMPATH\CodeIgniter.php(354): CodeIgniter\CodeIgniter->handleRequest(null, Object(Config\Cache), false)
 5 SYSTEMPATH\Boot.php(363): CodeIgniter\CodeIgniter->run()
 6 SYSTEMPATH\Boot.php(68): CodeIgniter\Boot::runCodeIgniter(Object(CodeIgniter\CodeIgniter))
 7 FCPATH\index.php(59): CodeIgniter\Boot::bootWeb(Object(Config\Paths))
 8 SYSTEMPATH\rewrite.php(44): require_once('C:\\Kampus\\StockPremix\\public\\index.php')
CRITICAL - 2025-10-20 12:59:09 --> CodeIgniter\Exceptions\BadMethodCallException: Call to undefined method App\Models\TransaksiModel::getWeeklyChartData
[Method: GET, Route: /]
in SYSTEMPATH\Model.php on line 927.
 1 APPPATH\Controllers\Dashboard.php(26): CodeIgniter\Model->__call('getWeeklyChartData', [])
 2 SYSTEMPATH\CodeIgniter.php(933): App\Controllers\Dashboard->index()
 3 SYSTEMPATH\CodeIgniter.php(507): CodeIgniter\CodeIgniter->runController(Object(App\Controllers\Dashboard))
 4 SYSTEMPATH\CodeIgniter.php(354): CodeIgniter\CodeIgniter->handleRequest(null, Object(Config\Cache), false)
 5 SYSTEMPATH\Boot.php(363): CodeIgniter\CodeIgniter->run()
 6 SYSTEMPATH\Boot.php(68): CodeIgniter\Boot::runCodeIgniter(Object(CodeIgniter\CodeIgniter))
 7 FCPATH\index.php(59): CodeIgniter\Boot::bootWeb(Object(Config\Paths))
 8 SYSTEMPATH\rewrite.php(44): require_once('C:\\Kampus\\StockPremix\\public\\index.php')
CRITICAL - 2025-10-20 12:59:10 --> CodeIgniter\Exceptions\BadMethodCallException: Call to undefined method App\Models\TransaksiModel::getWeeklyChartData
[Method: GET, Route: /]
in SYSTEMPATH\Model.php on line 927.
 1 APPPATH\Controllers\Dashboard.php(26): CodeIgniter\Model->__call('getWeeklyChartData', [])
 2 SYSTEMPATH\CodeIgniter.php(933): App\Controllers\Dashboard->index()
 3 SYSTEMPATH\CodeIgniter.php(507): CodeIgniter\CodeIgniter->runController(Object(App\Controllers\Dashboard))
 4 SYSTEMPATH\CodeIgniter.php(354): CodeIgniter\CodeIgniter->handleRequest(null, Object(Config\Cache), false)
 5 SYSTEMPATH\Boot.php(363): CodeIgniter\CodeIgniter->run()
 6 SYSTEMPATH\Boot.php(68): CodeIgniter\Boot::runCodeIgniter(Object(CodeIgniter\CodeIgniter))
 7 FCPATH\index.php(59): CodeIgniter\Boot::bootWeb(Object(Config\Paths))
 8 SYSTEMPATH\rewrite.php(44): require_once('C:\\Kampus\\StockPremix\\public\\index.php')
CRITICAL - 2025-10-20 12:59:11 --> CodeIgniter\Exceptions\BadMethodCallException: Call to undefined method App\Models\TransaksiModel::getWeeklyChartData
[Method: GET, Route: /]
in SYSTEMPATH\Model.php on line 927.
 1 APPPATH\Controllers\Dashboard.php(26): CodeIgniter\Model->__call('getWeeklyChartData', [])
 2 SYSTEMPATH\CodeIgniter.php(933): App\Controllers\Dashboard->index()
 3 SYSTEMPATH\CodeIgniter.php(507): CodeIgniter\CodeIgniter->runController(Object(App\Controllers\Dashboard))
 4 SYSTEMPATH\CodeIgniter.php(354): CodeIgniter\CodeIgniter->handleRequest(null, Object(Config\Cache), false)
 5 SYSTEMPATH\Boot.php(363): CodeIgniter\CodeIgniter->run()
 6 SYSTEMPATH\Boot.php(68): CodeIgniter\Boot::runCodeIgniter(Object(CodeIgniter\CodeIgniter))
 7 FCPATH\index.php(59): CodeIgniter\Boot::bootWeb(Object(Config\Paths))
 8 SYSTEMPATH\rewrite.php(44): require_once('C:\\Kampus\\StockPremix\\public\\index.php')
CRITICAL - 2025-10-20 12:59:11 --> CodeIgniter\Exceptions\BadMethodCallException: Call to undefined method App\Models\TransaksiModel::getWeeklyChartData
[Method: GET, Route: /]
in SYSTEMPATH\Model.php on line 927.
 1 APPPATH\Controllers\Dashboard.php(26): CodeIgniter\Model->__call('getWeeklyChartData', [])
 2 SYSTEMPATH\CodeIgniter.php(933): App\Controllers\Dashboard->index()
 3 SYSTEMPATH\CodeIgniter.php(507): CodeIgniter\CodeIgniter->runController(Object(App\Controllers\Dashboard))
 4 SYSTEMPATH\CodeIgniter.php(354): CodeIgniter\CodeIgniter->handleRequest(null, Object(Config\Cache), false)
 5 SYSTEMPATH\Boot.php(363): CodeIgniter\CodeIgniter->run()
 6 SYSTEMPATH\Boot.php(68): CodeIgniter\Boot::runCodeIgniter(Object(CodeIgniter\CodeIgniter))
 7 FCPATH\index.php(59): CodeIgniter\Boot::bootWeb(Object(Config\Paths))
 8 SYSTEMPATH\rewrite.php(44): require_once('C:\\Kampus\\StockPremix\\public\\index.php')
CRITICAL - 2025-10-20 13:01:27 --> CodeIgniter\Exceptions\BadMethodCallException: Call to undefined method App\Models\TransaksiModel::getWeeklyChartData
[Method: GET, Route: /]
in SYSTEMPATH\Model.php on line 927.
 1 APPPATH\Controllers\Dashboard.php(26): CodeIgniter\Model->__call('getWeeklyChartData', [])
 2 SYSTEMPATH\CodeIgniter.php(933): App\Controllers\Dashboard->index()
 3 SYSTEMPATH\CodeIgniter.php(507): CodeIgniter\CodeIgniter->runController(Object(App\Controllers\Dashboard))
 4 SYSTEMPATH\CodeIgniter.php(354): CodeIgniter\CodeIgniter->handleRequest(null, Object(Config\Cache), false)
 5 SYSTEMPATH\Boot.php(363): CodeIgniter\CodeIgniter->run()
 6 SYSTEMPATH\Boot.php(68): CodeIgniter\Boot::runCodeIgniter(Object(CodeIgniter\CodeIgniter))
 7 FCPATH\index.php(59): CodeIgniter\Boot::bootWeb(Object(Config\Paths))
 8 SYSTEMPATH\rewrite.php(44): require_once('C:\\Kampus\\StockPremix\\public\\index.php')
DEBUG - 2025-10-20 13:03:09 --> Session: Class initialized using 'CodeIgniter\Session\Handlers\FileHandler' driver.
DEBUG - 2025-10-20 13:03:27 --> Session: Class initialized using 'CodeIgniter\Session\Handlers\FileHandler' driver.
DEBUG - 2025-10-20 13:03:28 --> Session: Class initialized using 'CodeIgniter\Session\Handlers\FileHandler' driver.
